{"numFailedTestSuites":0,"numFailedTests":0,"numPassedTestSuites":1,"numPassedTests":23,"numPendingTestSuites":0,"numPendingTests":0,"numRuntimeErrorTestSuites":0,"numTodoTests":0,"numTotalTestSuites":1,"numTotalTests":23,"openHandles":[],"snapshot":{"added":0,"didUpdate":false,"failure":false,"filesAdded":0,"filesRemoved":0,"filesRemovedList":[],"filesUnmatched":0,"filesUpdated":0,"matched":0,"total":0,"unchecked":0,"uncheckedKeysByFile":[],"unmatched":0,"updated":0},"startTime":1645904648772,"success":true,"testResults":[{"assertionResults":[{"ancestorTitles":["Sample Test"],"failureMessages":[],"fullName":"Sample Test App is defined","location":null,"status":"passed","title":"App is defined"},{"ancestorTitles":["Sample Test"],"failureMessages":[],"fullName":"Sample Test Get newest four sectors","location":null,"status":"passed","title":"Get newest four sectors"},{"ancestorTitles":["Sample Test"],"failureMessages":[],"fullName":"Sample Test Post user","location":null,"status":"passed","title":"Post user"},{"ancestorTitles":["Sample Test"],"failureMessages":[],"fullName":"Sample Test Post user error duplicated email","location":null,"status":"passed","title":"Post user error duplicated email"},{"ancestorTitles":["Sample Test"],"failureMessages":[],"fullName":"Sample Test Post user error","location":null,"status":"passed","title":"Post user error"},{"ancestorTitles":["Sample Test"],"failureMessages":[],"fullName":"Sample Test Get users","location":null,"status":"passed","title":"Get users"},{"ancestorTitles":["Sample Test"],"failureMessages":[],"fullName":"Sample Test Get user","location":null,"status":"passed","title":"Get user"},{"ancestorTitles":["Sample Test"],"failureMessages":[],"fullName":"Sample Test Get user error","location":null,"status":"passed","title":"Get user error"},{"ancestorTitles":["Sample Test"],"failureMessages":[],"fullName":"Sample Test Update user","location":null,"status":"passed","title":"Update user"},{"ancestorTitles":["Sample Test"],"failureMessages":[],"fullName":"Sample Test Update user error","location":null,"status":"passed","title":"Update user error"},{"ancestorTitles":["Sample Test"],"failureMessages":[],"fullName":"Sample Test Update user with invalid id","location":null,"status":"passed","title":"Update user with invalid id"},{"ancestorTitles":["Sample Test"],"failureMessages":[],"fullName":"Sample Test Update user without token","location":null,"status":"passed","title":"Update user without token"},{"ancestorTitles":["Sample Test"],"failureMessages":[],"fullName":"Sample Test Update user with invalid token","location":null,"status":"passed","title":"Update user with invalid token"},{"ancestorTitles":["Sample Test"],"failureMessages":[],"fullName":"Sample Test Recover password","location":null,"status":"passed","title":"Recover password"},{"ancestorTitles":["Sample Test"],"failureMessages":[],"fullName":"Sample Test Recover password invalid password","location":null,"status":"passed","title":"Recover password invalid password"},{"ancestorTitles":["Sample Test"],"failureMessages":[],"fullName":"Sample Test Change Password","location":null,"status":"passed","title":"Change Password"},{"ancestorTitles":["Sample Test"],"failureMessages":[],"fullName":"Sample Test Change Password Error","location":null,"status":"passed","title":"Change Password Error"},{"ancestorTitles":["Sample Test"],"failureMessages":[],"fullName":"Sample Test Change Password Error id","location":null,"status":"passed","title":"Change Password Error id"},{"ancestorTitles":["Sample Test"],"failureMessages":[],"fullName":"Sample Test Login with valid user","location":null,"status":"passed","title":"Login with valid user"},{"ancestorTitles":["Sample Test"],"failureMessages":[],"fullName":"Sample Test Login inexistent user","location":null,"status":"passed","title":"Login inexistent user"},{"ancestorTitles":["Sample Test"],"failureMessages":[],"fullName":"Sample Test Login with wrong password","location":null,"status":"passed","title":"Login with wrong password"},{"ancestorTitles":["Sample Test"],"failureMessages":[],"fullName":"Sample Test Delete user id error","location":null,"status":"passed","title":"Delete user id error"},{"ancestorTitles":["Sample Test"],"failureMessages":[],"fullName":"Sample Test Delete user","location":null,"status":"passed","title":"Delete user"}],"endTime":1645904652292,"message":"","name":"/code/tests/api.test.js","startTime":1645904649234,"status":"passed","summary":""}],"wasInterrupted":false,"coverageMap":{"/code/src/index.js":{"path":"/code/src/index.js","statementMap":{"0":{"start":{"line":1,"column":16},"end":{"line":1,"column":34}},"1":{"start":{"line":2,"column":17},"end":{"line":2,"column":36}},"2":{"start":{"line":3,"column":13},"end":{"line":3,"column":28}},"3":{"start":{"line":4,"column":15},"end":{"line":4,"column":34}},"4":{"start":{"line":5,"column":0},"end":{"line":5,"column":27}},"5":{"start":{"line":13,"column":4},"end":{"line":13,"column":15}},"6":{"start":{"line":15,"column":12},"end":{"line":15,"column":67}},"7":{"start":{"line":17,"column":0},"end":{"line":23,"column":5}},"8":{"start":{"line":19,"column":4},"end":{"line":19,"column":40}},"9":{"start":{"line":22,"column":4},"end":{"line":22,"column":57}},"10":{"start":{"line":25,"column":12},"end":{"line":25,"column":21}},"11":{"start":{"line":26,"column":0},"end":{"line":26,"column":16}},"12":{"start":{"line":27,"column":0},"end":{"line":27,"column":41}},"13":{"start":{"line":28,"column":0},"end":{"line":28,"column":16}},"14":{"start":{"line":30,"column":0},"end":{"line":32,"column":3}},"15":{"start":{"line":31,"column":2},"end":{"line":31,"column":48}},"16":{"start":{"line":34,"column":0},"end":{"line":34,"column":21}}},"fnMap":{"0":{"name":"(anonymous_0)","decl":{"start":{"line":18,"column":8},"end":{"line":18,"column":9}},"loc":{"start":{"line":18,"column":14},"end":{"line":20,"column":3}},"line":18},"1":{"name":"(anonymous_1)","decl":{"start":{"line":21,"column":9},"end":{"line":21,"column":10}},"loc":{"start":{"line":21,"column":18},"end":{"line":23,"column":3}},"line":21},"2":{"name":"(anonymous_2)","decl":{"start":{"line":30,"column":29},"end":{"line":30,"column":30}},"loc":{"start":{"line":30,"column":35},"end":{"line":32,"column":1}},"line":30}},"branchMap":{},"s":{"0":1,"1":1,"2":1,"3":1,"4":1,"5":1,"6":1,"7":1,"8":1,"9":0,"10":1,"11":1,"12":1,"13":1,"14":1,"15":1,"16":1},"f":{"0":1,"1":0,"2":1},"b":{},"_coverageSchema":"1a1c01bbd47fc00a2c39e90264f33305004495a9","hash":"21aab8f2209d11784a56471e6a6f2f7643a4030b"},"/code/src/routes.js":{"path":"/code/src/routes.js","statementMap":{"0":{"start":{"line":1,"column":16},"end":{"line":1,"column":34}},"1":{"start":{"line":2,"column":15},"end":{"line":2,"column":46}},"2":{"start":{"line":4,"column":15},"end":{"line":4,"column":31}},"3":{"start":{"line":6,"column":23},"end":{"line":6,"column":62}},"4":{"start":{"line":7,"column":22},"end":{"line":7,"column":53}},"5":{"start":{"line":9,"column":0},"end":{"line":9,"column":86}},"6":{"start":{"line":10,"column":0},"end":{"line":10,"column":59}},"7":{"start":{"line":11,"column":0},"end":{"line":11,"column":65}},"8":{"start":{"line":12,"column":0},"end":{"line":12,"column":50}},"9":{"start":{"line":13,"column":0},"end":{"line":13,"column":44}},"10":{"start":{"line":14,"column":0},"end":{"line":14,"column":65}},"11":{"start":{"line":15,"column":0},"end":{"line":15,"column":84}},"12":{"start":{"line":16,"column":0},"end":{"line":16,"column":76}},"13":{"start":{"line":17,"column":0},"end":{"line":17,"column":82}},"14":{"start":{"line":19,"column":0},"end":{"line":19,"column":24}}},"fnMap":{},"branchMap":{},"s":{"0":1,"1":1,"2":1,"3":1,"4":1,"5":1,"6":1,"7":1,"8":1,"9":1,"10":1,"11":1,"12":1,"13":1,"14":1},"f":{},"b":{},"_coverageSchema":"1a1c01bbd47fc00a2c39e90264f33305004495a9","hash":"08bc816f9f0dab982f0907f76786eea44b06e25b"},"/code/src/Utils/functionsJWT.js":{"path":"/code/src/Utils/functionsJWT.js","statementMap":{"0":{"start":{"line":1,"column":12},"end":{"line":1,"column":35}},"1":{"start":{"line":4,"column":16},"end":{"line":4,"column":45}},"2":{"start":{"line":6,"column":2},"end":{"line":8,"column":3}},"3":{"start":{"line":7,"column":4},"end":{"line":7,"column":84}},"4":{"start":{"line":10,"column":2},"end":{"line":17,"column":5}},"5":{"start":{"line":11,"column":4},"end":{"line":13,"column":5}},"6":{"start":{"line":12,"column":6},"end":{"line":12,"column":110}},"7":{"start":{"line":14,"column":4},"end":{"line":14,"column":28}},"8":{"start":{"line":15,"column":4},"end":{"line":15,"column":11}},"9":{"start":{"line":16,"column":4},"end":{"line":16,"column":21}},"10":{"start":{"line":20,"column":0},"end":{"line":20,"column":31}}},"fnMap":{"0":{"name":"verifyJWT","decl":{"start":{"line":3,"column":9},"end":{"line":3,"column":18}},"loc":{"start":{"line":3,"column":35},"end":{"line":18,"column":1}},"line":3},"1":{"name":"(anonymous_1)","decl":{"start":{"line":10,"column":47},"end":{"line":10,"column":48}},"loc":{"start":{"line":10,"column":65},"end":{"line":17,"column":3}},"line":10}},"branchMap":{"0":{"loc":{"start":{"line":6,"column":2},"end":{"line":8,"column":3}},"type":"if","locations":[{"start":{"line":6,"column":2},"end":{"line":8,"column":3}},{"start":{},"end":{}}],"line":6},"1":{"loc":{"start":{"line":11,"column":4},"end":{"line":13,"column":5}},"type":"if","locations":[{"start":{"line":11,"column":4},"end":{"line":13,"column":5}},{"start":{},"end":{}}],"line":11}},"s":{"0":1,"1":14,"2":14,"3":1,"4":13,"5":13,"6":1,"7":12,"8":12,"9":12,"10":1},"f":{"0":14,"1":13},"b":{"0":[1,13],"1":[1,12]},"_coverageSchema":"1a1c01bbd47fc00a2c39e90264f33305004495a9","hash":"3b3382dce2b436c4674dc73d943e7dfb89992ee0"},"/code/src/Controllers/UserController.js":{"path":"/code/src/Controllers/UserController.js","statementMap":{"0":{"start":{"line":1,"column":15},"end":{"line":1,"column":32}},"1":{"start":{"line":2,"column":15},"end":{"line":2,"column":32}},"2":{"start":{"line":3,"column":12},"end":{"line":3,"column":35}},"3":{"start":{"line":4,"column":15},"end":{"line":4,"column":41}},"4":{"start":{"line":5,"column":13},"end":{"line":5,"column":44}},"5":{"start":{"line":6,"column":19},"end":{"line":6,"column":47}},"6":{"start":{"line":7,"column":13},"end":{"line":7,"column":41}},"7":{"start":{"line":8,"column":15},"end":{"line":8,"column":41}},"8":{"start":{"line":12,"column":15},"end":{"line":20,"column":1}},"9":{"start":{"line":13,"column":17},"end":{"line":13,"column":27}},"10":{"start":{"line":14,"column":2},"end":{"line":19,"column":3}},"11":{"start":{"line":15,"column":17},"end":{"line":15,"column":48}},"12":{"start":{"line":16,"column":4},"end":{"line":16,"column":26}},"13":{"start":{"line":18,"column":4},"end":{"line":18,"column":57}},"14":{"start":{"line":22,"column":18},"end":{"line":26,"column":1}},"15":{"start":{"line":23,"column":16},"end":{"line":23,"column":33}},"16":{"start":{"line":25,"column":2},"end":{"line":25,"column":37}},"17":{"start":{"line":28,"column":19},"end":{"line":65,"column":1}},"18":{"start":{"line":31,"column":6},"end":{"line":31,"column":14}},"19":{"start":{"line":32,"column":26},"end":{"line":32,"column":32}},"20":{"start":{"line":34,"column":28},"end":{"line":34,"column":65}},"21":{"start":{"line":36,"column":23},"end":{"line":36,"column":80}},"22":{"start":{"line":38,"column":2},"end":{"line":40,"column":3}},"23":{"start":{"line":39,"column":4},"end":{"line":39,"column":45}},"24":{"start":{"line":42,"column":2},"end":{"line":64,"column":3}},"25":{"start":{"line":43,"column":17},"end":{"line":53,"column":6}},"26":{"start":{"line":55,"column":4},"end":{"line":60,"column":7}},"27":{"start":{"line":61,"column":4},"end":{"line":61,"column":26}},"28":{"start":{"line":63,"column":4},"end":{"line":63,"column":64}},"29":{"start":{"line":67,"column":18},"end":{"line":96,"column":1}},"30":{"start":{"line":68,"column":17},"end":{"line":68,"column":27}},"31":{"start":{"line":71,"column":6},"end":{"line":71,"column":14}},"32":{"start":{"line":73,"column":23},"end":{"line":73,"column":61}},"33":{"start":{"line":75,"column":2},"end":{"line":77,"column":3}},"34":{"start":{"line":76,"column":4},"end":{"line":76,"column":59}},"35":{"start":{"line":79,"column":2},"end":{"line":95,"column":3}},"36":{"start":{"line":80,"column":25},"end":{"line":88,"column":18}},"37":{"start":{"line":89,"column":4},"end":{"line":89,"column":34}},"38":{"start":{"line":91,"column":4},"end":{"line":93,"column":5}},"39":{"start":{"line":92,"column":6},"end":{"line":92,"column":66}},"40":{"start":{"line":94,"column":4},"end":{"line":94,"column":57}},"41":{"start":{"line":98,"column":21},"end":{"line":107,"column":1}},"42":{"start":{"line":99,"column":17},"end":{"line":99,"column":27}},"43":{"start":{"line":101,"column":2},"end":{"line":106,"column":3}},"44":{"start":{"line":102,"column":4},"end":{"line":102,"column":38}},"45":{"start":{"line":103,"column":4},"end":{"line":103,"column":58}},"46":{"start":{"line":105,"column":4},"end":{"line":105,"column":96}},"47":{"start":{"line":109,"column":14},"end":{"line":128,"column":1}},"48":{"start":{"line":110,"column":15},"end":{"line":110,"column":60}},"49":{"start":{"line":112,"column":2},"end":{"line":114,"column":3}},"50":{"start":{"line":113,"column":4},"end":{"line":113,"column":61}},"51":{"start":{"line":116,"column":2},"end":{"line":125,"column":3}},"52":{"start":{"line":117,"column":19},"end":{"line":117,"column":23}},"53":{"start":{"line":118,"column":18},"end":{"line":120,"column":6}},"54":{"start":{"line":122,"column":20},"end":{"line":122,"column":36}},"55":{"start":{"line":123,"column":4},"end":{"line":123,"column":24}},"56":{"start":{"line":124,"column":4},"end":{"line":124,"column":52}},"57":{"start":{"line":127,"column":2},"end":{"line":127,"column":53}},"58":{"start":{"line":130,"column":24},"end":{"line":158,"column":1}},"59":{"start":{"line":131,"column":20},"end":{"line":131,"column":28}},"60":{"start":{"line":132,"column":26},"end":{"line":132,"column":32}},"61":{"start":{"line":133,"column":13},"end":{"line":133,"column":17}},"62":{"start":{"line":135,"column":28},"end":{"line":135,"column":65}},"63":{"start":{"line":137,"column":2},"end":{"line":157,"column":3}},"64":{"start":{"line":138,"column":4},"end":{"line":141,"column":22}},"65":{"start":{"line":143,"column":4},"end":{"line":145,"column":5}},"66":{"start":{"line":144,"column":6},"end":{"line":144,"column":101}},"67":{"start":{"line":147,"column":4},"end":{"line":152,"column":7}},"68":{"start":{"line":154,"column":4},"end":{"line":154,"column":48}},"69":{"start":{"line":156,"column":4},"end":{"line":156,"column":85}},"70":{"start":{"line":160,"column":23},"end":{"line":186,"column":1}},"71":{"start":{"line":161,"column":17},"end":{"line":161,"column":27}},"72":{"start":{"line":164,"column":6},"end":{"line":164,"column":14}},"73":{"start":{"line":166,"column":25},"end":{"line":166,"column":54}},"74":{"start":{"line":168,"column":2},"end":{"line":170,"column":3}},"75":{"start":{"line":169,"column":4},"end":{"line":169,"column":65}},"76":{"start":{"line":172,"column":18},"end":{"line":172,"column":43}},"77":{"start":{"line":174,"column":2},"end":{"line":185,"column":3}},"78":{"start":{"line":175,"column":25},"end":{"line":180,"column":18}},"79":{"start":{"line":181,"column":4},"end":{"line":181,"column":34}},"80":{"start":{"line":182,"column":4},"end":{"line":182,"column":34}},"81":{"start":{"line":184,"column":4},"end":{"line":184,"column":96}},"82":{"start":{"line":188,"column":27},"end":{"line":192,"column":1}},"83":{"start":{"line":189,"column":16},"end":{"line":189,"column":66}},"84":{"start":{"line":191,"column":2},"end":{"line":191,"column":37}},"85":{"start":{"line":194,"column":0},"end":{"line":204,"column":2}}},"fnMap":{"0":{"name":"(anonymous_0)","decl":{"start":{"line":12,"column":15},"end":{"line":12,"column":16}},"loc":{"start":{"line":12,"column":35},"end":{"line":20,"column":1}},"line":12},"1":{"name":"(anonymous_1)","decl":{"start":{"line":22,"column":18},"end":{"line":22,"column":19}},"loc":{"start":{"line":22,"column":38},"end":{"line":26,"column":1}},"line":22},"2":{"name":"(anonymous_2)","decl":{"start":{"line":28,"column":19},"end":{"line":28,"column":20}},"loc":{"start":{"line":28,"column":39},"end":{"line":65,"column":1}},"line":28},"3":{"name":"(anonymous_3)","decl":{"start":{"line":67,"column":18},"end":{"line":67,"column":19}},"loc":{"start":{"line":67,"column":38},"end":{"line":96,"column":1}},"line":67},"4":{"name":"(anonymous_4)","decl":{"start":{"line":98,"column":21},"end":{"line":98,"column":22}},"loc":{"start":{"line":98,"column":41},"end":{"line":107,"column":1}},"line":98},"5":{"name":"(anonymous_5)","decl":{"start":{"line":109,"column":14},"end":{"line":109,"column":15}},"loc":{"start":{"line":109,"column":34},"end":{"line":128,"column":1}},"line":109},"6":{"name":"(anonymous_6)","decl":{"start":{"line":130,"column":24},"end":{"line":130,"column":25}},"loc":{"start":{"line":130,"column":44},"end":{"line":158,"column":1}},"line":130},"7":{"name":"(anonymous_7)","decl":{"start":{"line":160,"column":23},"end":{"line":160,"column":24}},"loc":{"start":{"line":160,"column":43},"end":{"line":186,"column":1}},"line":160},"8":{"name":"(anonymous_8)","decl":{"start":{"line":188,"column":27},"end":{"line":188,"column":28}},"loc":{"start":{"line":188,"column":47},"end":{"line":192,"column":1}},"line":188}},"branchMap":{"0":{"loc":{"start":{"line":38,"column":2},"end":{"line":40,"column":3}},"type":"if","locations":[{"start":{"line":38,"column":2},"end":{"line":40,"column":3}},{"start":{},"end":{}}],"line":38},"1":{"loc":{"start":{"line":75,"column":2},"end":{"line":77,"column":3}},"type":"if","locations":[{"start":{"line":75,"column":2},"end":{"line":77,"column":3}},{"start":{},"end":{}}],"line":75},"2":{"loc":{"start":{"line":91,"column":4},"end":{"line":93,"column":5}},"type":"if","locations":[{"start":{"line":91,"column":4},"end":{"line":93,"column":5}},{"start":{},"end":{}}],"line":91},"3":{"loc":{"start":{"line":112,"column":2},"end":{"line":114,"column":3}},"type":"if","locations":[{"start":{"line":112,"column":2},"end":{"line":114,"column":3}},{"start":{},"end":{}}],"line":112},"4":{"loc":{"start":{"line":116,"column":2},"end":{"line":125,"column":3}},"type":"if","locations":[{"start":{"line":116,"column":2},"end":{"line":125,"column":3}},{"start":{},"end":{}}],"line":116},"5":{"loc":{"start":{"line":143,"column":4},"end":{"line":145,"column":5}},"type":"if","locations":[{"start":{"line":143,"column":4},"end":{"line":145,"column":5}},{"start":{},"end":{}}],"line":143},"6":{"loc":{"start":{"line":168,"column":2},"end":{"line":170,"column":3}},"type":"if","locations":[{"start":{"line":168,"column":2},"end":{"line":170,"column":3}},{"start":{},"end":{}}],"line":168}},"s":{"0":1,"1":1,"2":1,"3":1,"4":1,"5":1,"6":1,"7":1,"8":1,"9":2,"10":2,"11":2,"12":1,"13":1,"14":1,"15":1,"16":1,"17":1,"18":8,"19":8,"20":8,"21":8,"22":8,"23":2,"24":6,"25":6,"26":5,"27":5,"28":1,"29":1,"30":3,"31":3,"32":3,"33":3,"34":1,"35":2,"36":2,"37":1,"38":1,"39":0,"40":1,"41":1,"42":2,"43":2,"44":2,"45":1,"46":1,"47":1,"48":3,"49":3,"50":1,"51":2,"52":1,"53":1,"54":1,"55":1,"56":1,"57":1,"58":1,"59":2,"60":2,"61":2,"62":2,"63":2,"64":2,"65":2,"66":1,"67":1,"68":1,"69":0,"70":1,"71":3,"72":3,"73":3,"74":3,"75":1,"76":2,"77":2,"78":2,"79":1,"80":1,"81":1,"82":1,"83":1,"84":1,"85":1},"f":{"0":2,"1":1,"2":8,"3":3,"4":2,"5":3,"6":2,"7":3,"8":1},"b":{"0":[2,6],"1":[1,2],"2":[0,1],"3":[1,2],"4":[1,1],"5":[1,1],"6":[1,2]},"_coverageSchema":"1a1c01bbd47fc00a2c39e90264f33305004495a9","hash":"73d0befc67ebfd4399d054a9e6cc13cd60a1e4a3"},"/code/src/Models/UserSchema.js":{"path":"/code/src/Models/UserSchema.js","statementMap":{"0":{"start":{"line":1,"column":17},"end":{"line":1,"column":36}},"1":{"start":{"line":3,"column":19},"end":{"line":42,"column":2}},"2":{"start":{"line":44,"column":0},"end":{"line":44,"column":52}}},"fnMap":{},"branchMap":{},"s":{"0":1,"1":1,"2":1},"f":{},"b":{},"_coverageSchema":"1a1c01bbd47fc00a2c39e90264f33305004495a9","hash":"7e3b987c32b23d3ea5c9e9d500dadc71f45a8432"},"/code/src/Utils/validate.js":{"path":"/code/src/Utils/validate.js","statementMap":{"0":{"start":{"line":1,"column":22},"end":{"line":4,"column":1}},"1":{"start":{"line":2,"column":16},"end":{"line":2,"column":167}},"2":{"start":{"line":3,"column":2},"end":{"line":3,"column":52}},"3":{"start":{"line":6,"column":21},"end":{"line":9,"column":1}},"4":{"start":{"line":7,"column":16},"end":{"line":7,"column":35}},"5":{"start":{"line":8,"column":2},"end":{"line":8,"column":50}},"6":{"start":{"line":11,"column":21},"end":{"line":18,"column":1}},"7":{"start":{"line":12,"column":16},"end":{"line":12,"column":57}},"8":{"start":{"line":14,"column":2},"end":{"line":16,"column":3}},"9":{"start":{"line":15,"column":4},"end":{"line":15,"column":16}},"10":{"start":{"line":17,"column":2},"end":{"line":17,"column":15}},"11":{"start":{"line":20,"column":21},"end":{"line":25,"column":1}},"12":{"start":{"line":21,"column":2},"end":{"line":23,"column":3}},"13":{"start":{"line":22,"column":4},"end":{"line":22,"column":17}},"14":{"start":{"line":24,"column":2},"end":{"line":24,"column":14}},"15":{"start":{"line":27,"column":17},"end":{"line":38,"column":1}},"16":{"start":{"line":28,"column":14},"end":{"line":28,"column":16}},"17":{"start":{"line":30,"column":2},"end":{"line":32,"column":3}},"18":{"start":{"line":31,"column":4},"end":{"line":31,"column":29}},"19":{"start":{"line":32,"column":4},"end":{"line":34,"column":3}},"20":{"start":{"line":33,"column":4},"end":{"line":33,"column":30}},"21":{"start":{"line":34,"column":4},"end":{"line":36,"column":3}},"22":{"start":{"line":35,"column":4},"end":{"line":35,"column":29}},"23":{"start":{"line":37,"column":2},"end":{"line":37,"column":13}},"24":{"start":{"line":40,"column":0},"end":{"line":40,"column":44}}},"fnMap":{"0":{"name":"(anonymous_0)","decl":{"start":{"line":1,"column":22},"end":{"line":1,"column":23}},"loc":{"start":{"line":1,"column":33},"end":{"line":4,"column":1}},"line":1},"1":{"name":"(anonymous_1)","decl":{"start":{"line":6,"column":21},"end":{"line":6,"column":22}},"loc":{"start":{"line":6,"column":31},"end":{"line":9,"column":1}},"line":6},"2":{"name":"(anonymous_2)","decl":{"start":{"line":11,"column":21},"end":{"line":11,"column":22}},"loc":{"start":{"line":11,"column":31},"end":{"line":18,"column":1}},"line":11},"3":{"name":"(anonymous_3)","decl":{"start":{"line":20,"column":21},"end":{"line":20,"column":22}},"loc":{"start":{"line":20,"column":31},"end":{"line":25,"column":1}},"line":20},"4":{"name":"(anonymous_4)","decl":{"start":{"line":27,"column":17},"end":{"line":27,"column":18}},"loc":{"start":{"line":27,"column":40},"end":{"line":38,"column":1}},"line":27}},"branchMap":{"0":{"loc":{"start":{"line":3,"column":10},"end":{"line":3,"column":50}},"type":"binary-expr","locations":[{"start":{"line":3,"column":10},"end":{"line":3,"column":27}},{"start":{"line":3,"column":31},"end":{"line":3,"column":50}}],"line":3},"1":{"loc":{"start":{"line":8,"column":10},"end":{"line":8,"column":48}},"type":"binary-expr","locations":[{"start":{"line":8,"column":10},"end":{"line":8,"column":26}},{"start":{"line":8,"column":30},"end":{"line":8,"column":48}}],"line":8},"2":{"loc":{"start":{"line":14,"column":2},"end":{"line":16,"column":3}},"type":"if","locations":[{"start":{"line":14,"column":2},"end":{"line":16,"column":3}},{"start":{},"end":{}}],"line":14},"3":{"loc":{"start":{"line":21,"column":2},"end":{"line":23,"column":3}},"type":"if","locations":[{"start":{"line":21,"column":2},"end":{"line":23,"column":3}},{"start":{},"end":{}}],"line":21},"4":{"loc":{"start":{"line":21,"column":6},"end":{"line":21,"column":30}},"type":"binary-expr","locations":[{"start":{"line":21,"column":6},"end":{"line":21,"column":11}},{"start":{"line":21,"column":15},"end":{"line":21,"column":30}}],"line":21},"5":{"loc":{"start":{"line":30,"column":2},"end":{"line":32,"column":3}},"type":"if","locations":[{"start":{"line":30,"column":2},"end":{"line":32,"column":3}},{"start":{},"end":{}}],"line":30},"6":{"loc":{"start":{"line":32,"column":4},"end":{"line":34,"column":3}},"type":"if","locations":[{"start":{"line":32,"column":4},"end":{"line":34,"column":3}},{"start":{},"end":{}}],"line":32},"7":{"loc":{"start":{"line":34,"column":4},"end":{"line":36,"column":3}},"type":"if","locations":[{"start":{"line":34,"column":4},"end":{"line":36,"column":3}},{"start":{},"end":{}}],"line":34}},"s":{"0":1,"1":11,"2":11,"3":1,"4":11,"5":11,"6":1,"7":11,"8":11,"9":9,"10":2,"11":1,"12":3,"13":1,"14":2,"15":1,"16":11,"17":11,"18":3,"19":11,"20":2,"21":11,"22":2,"23":11,"24":1},"f":{"0":11,"1":11,"2":11,"3":3,"4":11},"b":{"0":[11,9],"1":[11,8],"2":[9,2],"3":[1,2],"4":[3,3],"5":[3,8],"6":[2,9],"7":[2,9]},"_coverageSchema":"1a1c01bbd47fc00a2c39e90264f33305004495a9","hash":"ee5c06b3e63e0889701f2e97ff9c8972119e3360"},"/code/src/Utils/hashPass.js":{"path":"/code/src/Utils/hashPass.js","statementMap":{"0":{"start":{"line":1,"column":15},"end":{"line":1,"column":32}},"1":{"start":{"line":3,"column":17},"end":{"line":6,"column":1}},"2":{"start":{"line":4,"column":15},"end":{"line":4,"column":47}},"3":{"start":{"line":5,"column":2},"end":{"line":5,"column":33}},"4":{"start":{"line":8,"column":0},"end":{"line":8,"column":30}}},"fnMap":{"0":{"name":"(anonymous_0)","decl":{"start":{"line":3,"column":17},"end":{"line":3,"column":18}},"loc":{"start":{"line":3,"column":50},"end":{"line":6,"column":1}},"line":3}},"branchMap":{"0":{"loc":{"start":{"line":3,"column":30},"end":{"line":3,"column":45}},"type":"default-arg","locations":[{"start":{"line":3,"column":43},"end":{"line":3,"column":45}}],"line":3}},"s":{"0":1,"1":1,"2":10,"3":10,"4":1},"f":{"0":10},"b":{"0":[10]},"_coverageSchema":"1a1c01bbd47fc00a2c39e90264f33305004495a9","hash":"74fdc2fe33361038af5799f1dcc3741c3189c135"},"/code/src/Utils/mailer.js":{"path":"/code/src/Utils/mailer.js","statementMap":{"0":{"start":{"line":1,"column":19},"end":{"line":1,"column":40}},"1":{"start":{"line":2,"column":0},"end":{"line":2,"column":27}},"2":{"start":{"line":6,"column":4},"end":{"line":6,"column":15}},"3":{"start":{"line":8,"column":20},"end":{"line":15,"column":2}},"4":{"start":{"line":17,"column":0},"end":{"line":19,"column":2}}},"fnMap":{},"branchMap":{},"s":{"0":1,"1":1,"2":1,"3":1,"4":1},"f":{},"b":{},"_coverageSchema":"1a1c01bbd47fc00a2c39e90264f33305004495a9","hash":"3b96a0c1e39ceceaebae7b600453343f3773442f"}}}